<?xml version="1.0" encoding="UTF-8"?>
<testsuite xmlns:xsi="http://www.w3.org/2001/XMLSchema-instance" xsi:noNamespaceSchemaLocation="https://maven.apache.org/surefire/maven-surefire-plugin/xsd/surefire-test-report.xsd" name="edu.udacity.selenium.test.WebSocketChatTest" time="53.911" tests="3" errors="0" skipped="0" failures="0">
  <properties>
[...]
</properties>
  <testcase name="messagingTest" classname="edu.udacity.selenium.test.WebSocketChatTest" time="19.021"/>
  <testcase name="clearTest" classname="edu.udacity.selenium.test.WebSocketChatTest" time="17.592"/>
  <testcase name="joinAndOnlineCountTest" classname="edu.udacity.selenium.test.WebSocketChatTest" time="17.228"/>
</testsuite>